[WARNING 03-13 17:31:22] ax.core.experiment: Experiment's status_quo is updated. Generally the status_quo should not be changed after being set.
[INFO 03-13 17:31:22] Scheduler: `Scheduler` requires experiment to have immutable search space and optimization config. Setting property immutable_search_space_and_opt_config to `True` on experiment.
[INFO 03-13 17:31:22] Scheduler: Fetching data for newly completed trials: [].
[INFO 03-13 17:31:23] ax.modelbridge.base: Leaving out out-of-design observations for arms: status_quo
[INFO 03-13 17:31:23] Scheduler: Running trials [1]...
[INFO 03-13 17:31:25] ax.modelbridge.base: Leaving out out-of-design observations for arms: status_quo
[INFO 03-13 17:31:25] Scheduler: Running trials [2]...
[INFO 03-13 17:31:26] ax.modelbridge.base: Leaving out out-of-design observations for arms: status_quo
[INFO 03-13 17:31:26] Scheduler: Running trials [3]...
[INFO 03-13 17:31:27] ax.modelbridge.base: Leaving out out-of-design observations for arms: status_quo
[INFO 03-13 17:31:27] Scheduler: Running trials [4]...
[INFO 03-13 17:31:29] ax.modelbridge.base: Leaving out out-of-design observations for arms: status_quo
[INFO 03-13 17:31:29] Scheduler: Running trials [5]...
[INFO 03-13 17:31:30] Scheduler: Generated all trials that can be generated currently. Max parallelism currently reached.
[INFO 03-13 17:31:31] Scheduler: Fetching data for newly completed trials: [].
[INFO 03-13 17:31:31] Scheduler: Waiting for completed trials (for 1 sec, currently running trials: 5).
[INFO 03-13 17:31:33] Scheduler: Fetching data for newly completed trials: [].
[INFO 03-13 17:31:33] Scheduler: Waiting for completed trials (for 1.5 sec, currently running trials: 5).
[INFO 03-13 17:31:35] Scheduler: Fetching data for newly completed trials: [].
[INFO 03-13 17:31:35] Scheduler: Waiting for completed trials (for 2 sec, currently running trials: 5).
[INFO 03-13 17:31:38] Scheduler: Fetching data for newly completed trials: [].
[INFO 03-13 17:31:38] Scheduler: Waiting for completed trials (for 3 sec, currently running trials: 5).
[INFO 03-13 17:31:43] Scheduler: Fetching data for newly completed trials: [].
[INFO 03-13 17:31:43] Scheduler: Waiting for completed trials (for 5 sec, currently running trials: 5).
[INFO 03-13 17:31:49] Scheduler: Fetching data for newly completed trials: [].
[INFO 03-13 17:31:49] Scheduler: Waiting for completed trials (for 7 sec, currently running trials: 5).
[INFO 03-13 17:31:57] Scheduler: Fetching data for newly completed trials: [].
[INFO 03-13 17:31:57] Scheduler: Waiting for completed trials (for 11 sec, currently running trials: 5).
[INFO 03-13 17:32:10] Scheduler: Fetching data for newly completed trials: [].
[INFO 03-13 17:32:10] Scheduler: Waiting for completed trials (for 17 sec, currently running trials: 5).
[INFO 03-13 17:32:28] Scheduler: Fetching data for newly completed trials: [].
[INFO 03-13 17:32:28] Scheduler: Waiting for completed trials (for 25 sec, currently running trials: 5).
[INFO 03-13 17:32:54] Scheduler: Fetching data for newly completed trials: [].
[INFO 03-13 17:32:54] Scheduler: Waiting for completed trials (for 38 sec, currently running trials: 5).
[INFO 03-13 17:33:34] Scheduler: Fetching data for newly completed trials: [].
[INFO 03-13 17:33:34] Scheduler: Waiting for completed trials (for 57 sec, currently running trials: 5).
[INFO 03-13 17:34:33] Scheduler: Fetching data for newly completed trials: [].
[INFO 03-13 17:34:33] Scheduler: Waiting for completed trials (for 86 sec, currently running trials: 5).
[INFO 03-13 17:36:00] Scheduler: Fetching data for newly completed trials: [].
[INFO 03-13 17:36:00] Scheduler: Waiting for completed trials (for 129 sec, currently running trials: 5).
[INFO 03-13 17:38:11] Scheduler: Fetching data for newly completed trials: [].
[INFO 03-13 17:38:11] Scheduler: Waiting for completed trials (for 194 sec, currently running trials: 5).
[INFO 03-13 17:41:27] Scheduler: Fetching data for newly completed trials: [].
[INFO 03-13 17:41:27] Scheduler: Waiting for completed trials (for 291 sec, currently running trials: 5).
[INFO 03-13 17:46:19] Scheduler: Fetching data for newly completed trials: [5].
[INFO 03-13 17:46:19] Scheduler: Retrieved COMPLETED trials: [5].
[INFO 03-13 17:46:20] ax.modelbridge.base: Leaving out out-of-design observations for arms: status_quo
[INFO 03-13 17:46:20] Scheduler: Running trials [6]...
[INFO 03-13 17:46:21] Scheduler: Generated all trials that can be generated currently. Max parallelism currently reached.
[INFO 03-13 17:46:22] Scheduler: Fetching data for newly completed trials: [].
[INFO 03-13 17:46:22] Scheduler: Waiting for completed trials (for 1 sec, currently running trials: 5).
[INFO 03-13 17:46:24] Scheduler: Fetching data for newly completed trials: [].
[INFO 03-13 17:46:24] Scheduler: Waiting for completed trials (for 1.5 sec, currently running trials: 5).
[INFO 03-13 17:46:27] Scheduler: Fetching data for newly completed trials: [].
[INFO 03-13 17:46:27] Scheduler: Waiting for completed trials (for 2 sec, currently running trials: 5).
[INFO 03-13 17:46:30] Scheduler: Fetching data for newly completed trials: [].
[INFO 03-13 17:46:30] Scheduler: Waiting for completed trials (for 3 sec, currently running trials: 5).
[INFO 03-13 17:46:34] Scheduler: Fetching data for newly completed trials: [].
[INFO 03-13 17:46:34] Scheduler: Waiting for completed trials (for 5 sec, currently running trials: 5).
[INFO 03-13 17:46:40] Scheduler: Fetching data for newly completed trials: [].
[INFO 03-13 17:46:40] Scheduler: Waiting for completed trials (for 7 sec, currently running trials: 5).
[INFO 03-13 17:46:49] Scheduler: Fetching data for newly completed trials: [].
[INFO 03-13 17:46:49] Scheduler: Waiting for completed trials (for 11 sec, currently running trials: 5).
[INFO 03-13 17:47:01] Scheduler: Fetching data for newly completed trials: [].
[INFO 03-13 17:47:01] Scheduler: Waiting for completed trials (for 17 sec, currently running trials: 5).
[INFO 03-13 17:47:19] Scheduler: Fetching data for newly completed trials: [].
[INFO 03-13 17:47:19] Scheduler: Waiting for completed trials (for 25 sec, currently running trials: 5).
[INFO 03-13 17:47:46] Scheduler: Fetching data for newly completed trials: 3 - 4.
[INFO 03-13 17:47:46] Scheduler: Retrieved COMPLETED trials: 3 - 4.
[INFO 03-13 17:47:46] ax.modelbridge.base: Leaving out out-of-design observations for arms: status_quo
[INFO 03-13 17:47:46] Scheduler: Running trials [7]...
[INFO 03-13 17:47:48] ax.modelbridge.base: Leaving out out-of-design observations for arms: status_quo
[INFO 03-13 17:47:48] Scheduler: Running trials [8]...
[INFO 03-13 17:47:49] Scheduler: Generated all trials that can be generated currently. Max parallelism currently reached.
[INFO 03-13 17:47:50] Scheduler: Fetching data for newly completed trials: [].
[INFO 03-13 17:47:50] Scheduler: Waiting for completed trials (for 1 sec, currently running trials: 5).
[INFO 03-13 17:47:52] Scheduler: Fetching data for newly completed trials: [].
[INFO 03-13 17:47:52] Scheduler: Waiting for completed trials (for 1.5 sec, currently running trials: 5).
[INFO 03-13 17:47:55] Scheduler: Fetching data for newly completed trials: [].
[INFO 03-13 17:47:55] Scheduler: Waiting for completed trials (for 2 sec, currently running trials: 5).
[INFO 03-13 17:47:58] Scheduler: Fetching data for newly completed trials: [].
[INFO 03-13 17:47:58] Scheduler: Waiting for completed trials (for 3 sec, currently running trials: 5).
[INFO 03-13 17:48:03] Scheduler: Fetching data for newly completed trials: [].
[INFO 03-13 17:48:03] Scheduler: Waiting for completed trials (for 5 sec, currently running trials: 5).
[INFO 03-13 17:48:09] Scheduler: Fetching data for newly completed trials: [].
[INFO 03-13 17:48:09] Scheduler: Waiting for completed trials (for 7 sec, currently running trials: 5).
[INFO 03-13 17:48:17] Scheduler: Fetching data for newly completed trials: [].
[INFO 03-13 17:48:17] Scheduler: Waiting for completed trials (for 11 sec, currently running trials: 5).
[INFO 03-13 17:48:30] Scheduler: Fetching data for newly completed trials: [].
[INFO 03-13 17:48:30] Scheduler: Waiting for completed trials (for 17 sec, currently running trials: 5).
[INFO 03-13 17:48:48] Scheduler: Fetching data for newly completed trials: [].
[INFO 03-13 17:48:48] Scheduler: Waiting for completed trials (for 25 sec, currently running trials: 5).
[INFO 03-13 17:49:15] Scheduler: Fetching data for newly completed trials: [].
[INFO 03-13 17:49:15] Scheduler: Waiting for completed trials (for 38 sec, currently running trials: 5).
[INFO 03-13 17:49:54] Scheduler: Fetching data for newly completed trials: [].
[INFO 03-13 17:49:54] Scheduler: Waiting for completed trials (for 57 sec, currently running trials: 5).
[INFO 03-13 17:50:53] Scheduler: Fetching data for newly completed trials: [].
[INFO 03-13 17:50:53] Scheduler: Waiting for completed trials (for 86 sec, currently running trials: 5).
[INFO 03-13 17:52:20] Scheduler: Fetching data for newly completed trials: [].
[INFO 03-13 17:52:20] Scheduler: Waiting for completed trials (for 129 sec, currently running trials: 5).
[INFO 03-13 17:54:31] Scheduler: Fetching data for newly completed trials: [2].
[INFO 03-13 17:54:31] Scheduler: Retrieved COMPLETED trials: [2].
[INFO 03-13 17:54:31] ax.modelbridge.base: Leaving out out-of-design observations for arms: status_quo
[INFO 03-13 17:54:31] Scheduler: Running trials [9]...
[INFO 03-13 17:54:32] Scheduler: Generated all trials that can be generated currently. Max parallelism currently reached.
[INFO 03-13 17:54:33] Scheduler: Fetching data for newly completed trials: [].
[INFO 03-13 17:54:33] Scheduler: Waiting for completed trials (for 1 sec, currently running trials: 5).
[INFO 03-13 17:54:35] Scheduler: Fetching data for newly completed trials: [].
[INFO 03-13 17:54:35] Scheduler: Waiting for completed trials (for 1.5 sec, currently running trials: 5).
[INFO 03-13 17:54:37] Scheduler: Fetching data for newly completed trials: [].
[INFO 03-13 17:54:37] Scheduler: Waiting for completed trials (for 2 sec, currently running trials: 5).
[INFO 03-13 17:54:41] Scheduler: Fetching data for newly completed trials: [].
[INFO 03-13 17:54:41] Scheduler: Waiting for completed trials (for 3 sec, currently running trials: 5).
[INFO 03-13 17:54:45] Scheduler: Fetching data for newly completed trials: [].
[INFO 03-13 17:54:45] Scheduler: Waiting for completed trials (for 5 sec, currently running trials: 5).
[INFO 03-13 17:54:51] Scheduler: Fetching data for newly completed trials: [].
[INFO 03-13 17:54:51] Scheduler: Waiting for completed trials (for 7 sec, currently running trials: 5).
[INFO 03-13 17:55:00] Scheduler: Fetching data for newly completed trials: [].
[INFO 03-13 17:55:00] Scheduler: Waiting for completed trials (for 11 sec, currently running trials: 5).
[INFO 03-13 17:55:12] Scheduler: Fetching data for newly completed trials: [].
[INFO 03-13 17:55:12] Scheduler: Waiting for completed trials (for 17 sec, currently running trials: 5).
[INFO 03-13 17:55:30] Scheduler: Fetching data for newly completed trials: [].
[INFO 03-13 17:55:30] Scheduler: Waiting for completed trials (for 25 sec, currently running trials: 5).
[INFO 03-13 17:55:57] Scheduler: Fetching data for newly completed trials: [1].
[INFO 03-13 17:55:57] Scheduler: Retrieved COMPLETED trials: [1].
[INFO 03-13 17:55:57] ax.modelbridge.base: Leaving out out-of-design observations for arms: status_quo
[INFO 03-13 17:55:57] Scheduler: Running trials [10]...
[INFO 03-13 17:55:58] Scheduler: Generated all trials that can be generated currently. Max parallelism currently reached.
[INFO 03-13 17:55:59] Scheduler: Fetching data for newly completed trials: [].
[INFO 03-13 17:55:59] Scheduler: Waiting for completed trials (for 1 sec, currently running trials: 5).
[INFO 03-13 17:56:01] Scheduler: Fetching data for newly completed trials: [].
[INFO 03-13 17:56:01] Scheduler: Waiting for completed trials (for 1.5 sec, currently running trials: 5).
[INFO 03-13 17:56:03] Scheduler: Fetching data for newly completed trials: [].
[INFO 03-13 17:56:03] Scheduler: Waiting for completed trials (for 2 sec, currently running trials: 5).
[INFO 03-13 17:56:07] Scheduler: Fetching data for newly completed trials: [].
[INFO 03-13 17:56:07] Scheduler: Waiting for completed trials (for 3 sec, currently running trials: 5).
[INFO 03-13 17:56:11] Scheduler: Fetching data for newly completed trials: [].
[INFO 03-13 17:56:11] Scheduler: Waiting for completed trials (for 5 sec, currently running trials: 5).
[INFO 03-13 17:56:17] Scheduler: Fetching data for newly completed trials: [].
[INFO 03-13 17:56:17] Scheduler: Waiting for completed trials (for 7 sec, currently running trials: 5).
[INFO 03-13 17:56:26] Scheduler: Fetching data for newly completed trials: [].
[INFO 03-13 17:56:26] Scheduler: Waiting for completed trials (for 11 sec, currently running trials: 5).
[INFO 03-13 17:56:38] Scheduler: Fetching data for newly completed trials: [].
[INFO 03-13 17:56:38] Scheduler: Waiting for completed trials (for 17 sec, currently running trials: 5).
[INFO 03-13 17:56:56] Scheduler: Fetching data for newly completed trials: [].
[INFO 03-13 17:56:56] Scheduler: Waiting for completed trials (for 25 sec, currently running trials: 5).
[INFO 03-13 17:57:23] Scheduler: Fetching data for newly completed trials: [].
[INFO 03-13 17:57:23] Scheduler: Waiting for completed trials (for 38 sec, currently running trials: 5).
[INFO 03-13 17:58:03] Scheduler: Fetching data for newly completed trials: [].
[INFO 03-13 17:58:03] Scheduler: Waiting for completed trials (for 57 sec, currently running trials: 5).
[INFO 03-13 17:59:01] Scheduler: Fetching data for newly completed trials: [].
[INFO 03-13 17:59:01] Scheduler: Waiting for completed trials (for 86 sec, currently running trials: 5).
[INFO 03-13 18:00:29] Scheduler: Fetching data for newly completed trials: [].
[INFO 03-13 18:00:29] Scheduler: Waiting for completed trials (for 129 sec, currently running trials: 5).
[INFO 03-13 18:02:40] Scheduler: Fetching data for newly completed trials: [8].
[INFO 03-13 18:02:40] Scheduler: Retrieved COMPLETED trials: [8].
[INFO 03-13 18:02:40] ax.modelbridge.base: Leaving out out-of-design observations for arms: status_quo
[INFO 03-13 18:02:40] Scheduler: Running trials [11]...
[INFO 03-13 18:02:41] Scheduler: Generated all trials that can be generated currently. Max parallelism currently reached.
[INFO 03-13 18:02:42] Scheduler: Fetching data for newly completed trials: [].
[INFO 03-13 18:02:42] Scheduler: Waiting for completed trials (for 1 sec, currently running trials: 5).
[INFO 03-13 18:02:45] Scheduler: Fetching data for newly completed trials: [].
[INFO 03-13 18:02:45] Scheduler: Waiting for completed trials (for 1.5 sec, currently running trials: 5).
[INFO 03-13 18:02:47] Scheduler: Fetching data for newly completed trials: [].
[INFO 03-13 18:02:47] Scheduler: Waiting for completed trials (for 2 sec, currently running trials: 5).
[INFO 03-13 18:02:50] Scheduler: Fetching data for newly completed trials: [].
[INFO 03-13 18:02:50] Scheduler: Waiting for completed trials (for 3 sec, currently running trials: 5).
[INFO 03-13 18:02:55] Scheduler: Fetching data for newly completed trials: [].
[INFO 03-13 18:02:55] Scheduler: Waiting for completed trials (for 5 sec, currently running trials: 5).
[INFO 03-13 18:03:01] Scheduler: Fetching data for newly completed trials: [].
[INFO 03-13 18:03:01] Scheduler: Waiting for completed trials (for 7 sec, currently running trials: 5).
[INFO 03-13 18:03:10] Scheduler: Fetching data for newly completed trials: [].
[INFO 03-13 18:03:10] Scheduler: Waiting for completed trials (for 11 sec, currently running trials: 5).
[INFO 03-13 18:03:22] Scheduler: Fetching data for newly completed trials: [].
[INFO 03-13 18:03:22] Scheduler: Waiting for completed trials (for 17 sec, currently running trials: 5).
[INFO 03-13 18:03:40] Scheduler: Fetching data for newly completed trials: [].
[INFO 03-13 18:03:40] Scheduler: Waiting for completed trials (for 25 sec, currently running trials: 5).
[INFO 03-13 18:04:07] Scheduler: Fetching data for newly completed trials: [].
[INFO 03-13 18:04:07] Scheduler: Waiting for completed trials (for 38 sec, currently running trials: 5).
[INFO 03-13 18:04:47] Scheduler: Fetching data for newly completed trials: [].
[INFO 03-13 18:04:47] Scheduler: Waiting for completed trials (for 57 sec, currently running trials: 5).
[INFO 03-13 18:05:45] Scheduler: Fetching data for newly completed trials: [6].
[INFO 03-13 18:05:45] Scheduler: Retrieved COMPLETED trials: [6].
[INFO 03-13 18:05:45] ax.modelbridge.base: Leaving out out-of-design observations for arms: status_quo
[INFO 03-13 18:05:45] Scheduler: Running trials [12]...
[INFO 03-13 18:05:46] Scheduler: Generated all trials that can be generated currently. Max parallelism currently reached.
[INFO 03-13 18:05:47] Scheduler: Fetching data for newly completed trials: [].
[INFO 03-13 18:05:47] Scheduler: Waiting for completed trials (for 1 sec, currently running trials: 5).
[INFO 03-13 18:05:49] Scheduler: Fetching data for newly completed trials: [].
[INFO 03-13 18:05:49] Scheduler: Waiting for completed trials (for 1.5 sec, currently running trials: 5).
[INFO 03-13 18:05:51] Scheduler: Fetching data for newly completed trials: [].
[INFO 03-13 18:05:51] Scheduler: Waiting for completed trials (for 2 sec, currently running trials: 5).
[INFO 03-13 18:05:54] Scheduler: Fetching data for newly completed trials: [].
[INFO 03-13 18:05:54] Scheduler: Waiting for completed trials (for 3 sec, currently running trials: 5).
[INFO 03-13 18:05:59] Scheduler: Fetching data for newly completed trials: [].
[INFO 03-13 18:05:59] Scheduler: Waiting for completed trials (for 5 sec, currently running trials: 5).
[INFO 03-13 18:06:05] Scheduler: Fetching data for newly completed trials: [].
[INFO 03-13 18:06:05] Scheduler: Waiting for completed trials (for 7 sec, currently running trials: 5).
[INFO 03-13 18:06:14] Scheduler: Fetching data for newly completed trials: [].
[INFO 03-13 18:06:14] Scheduler: Waiting for completed trials (for 11 sec, currently running trials: 5).
[INFO 03-13 18:06:26] Scheduler: Fetching data for newly completed trials: [7].
[INFO 03-13 18:06:26] Scheduler: Retrieved COMPLETED trials: [7].
[INFO 03-13 18:06:26] ax.modelbridge.base: Leaving out out-of-design observations for arms: status_quo
[INFO 03-13 18:06:26] Scheduler: Running trials [13]...
[INFO 03-13 18:06:27] Scheduler: Generated all trials that can be generated currently. Max parallelism currently reached.
[INFO 03-13 18:06:28] Scheduler: Fetching data for newly completed trials: [].
[INFO 03-13 18:06:28] Scheduler: Waiting for completed trials (for 1 sec, currently running trials: 5).
[INFO 03-13 18:06:31] Scheduler: Fetching data for newly completed trials: [].
[INFO 03-13 18:06:31] Scheduler: Waiting for completed trials (for 1.5 sec, currently running trials: 5).
[INFO 03-13 18:06:33] Scheduler: Fetching data for newly completed trials: [].
[INFO 03-13 18:06:33] Scheduler: Waiting for completed trials (for 2 sec, currently running trials: 5).
[INFO 03-13 18:06:36] Scheduler: Fetching data for newly completed trials: [].
[INFO 03-13 18:06:36] Scheduler: Waiting for completed trials (for 3 sec, currently running trials: 5).
[INFO 03-13 18:06:41] Scheduler: Fetching data for newly completed trials: [].
[INFO 03-13 18:06:41] Scheduler: Waiting for completed trials (for 5 sec, currently running trials: 5).
[INFO 03-13 18:06:47] Scheduler: Fetching data for newly completed trials: [].
[INFO 03-13 18:06:47] Scheduler: Waiting for completed trials (for 7 sec, currently running trials: 5).
[INFO 03-13 18:06:56] Scheduler: Fetching data for newly completed trials: [].
[INFO 03-13 18:06:56] Scheduler: Waiting for completed trials (for 11 sec, currently running trials: 5).
[INFO 03-13 18:07:08] Scheduler: Fetching data for newly completed trials: [].
[INFO 03-13 18:07:08] Scheduler: Waiting for completed trials (for 17 sec, currently running trials: 5).
[INFO 03-13 18:07:26] Scheduler: Fetching data for newly completed trials: [].
[INFO 03-13 18:07:26] Scheduler: Waiting for completed trials (for 25 sec, currently running trials: 5).
[INFO 03-13 18:07:53] Scheduler: Fetching data for newly completed trials: [].
[INFO 03-13 18:07:53] Scheduler: Waiting for completed trials (for 38 sec, currently running trials: 5).
[INFO 03-13 18:08:32] Scheduler: Fetching data for newly completed trials: [].
[INFO 03-13 18:08:32] Scheduler: Waiting for completed trials (for 57 sec, currently running trials: 5).
[INFO 03-13 18:09:31] Scheduler: Fetching data for newly completed trials: [].
[INFO 03-13 18:09:31] Scheduler: Waiting for completed trials (for 86 sec, currently running trials: 5).
[INFO 03-13 18:10:59] Scheduler: Fetching data for newly completed trials: [].
[INFO 03-13 18:10:59] Scheduler: Waiting for completed trials (for 129 sec, currently running trials: 5).
[INFO 03-13 18:13:10] Scheduler: Fetching data for newly completed trials: 9 - 10.
[INFO 03-13 18:13:10] Scheduler: Retrieved COMPLETED trials: 9 - 10.
[INFO 03-13 18:13:10] ax.modelbridge.base: Leaving out out-of-design observations for arms: status_quo
[INFO 03-13 18:13:10] Scheduler: Running trials [14]...
[INFO 03-13 18:13:10] ax.modelbridge.base: Leaving out out-of-design observations for arms: status_quo
[INFO 03-13 18:13:10] Scheduler: Running trials [15]...
[INFO 03-13 18:13:11] Scheduler: Generated all trials that can be generated currently. Model requires more data to generate more trials.
[INFO 03-13 18:13:12] Scheduler: Fetching data for newly completed trials: [].
[INFO 03-13 18:13:12] Scheduler: Waiting for completed trials (for 1 sec, currently running trials: 5).
[INFO 03-13 18:13:14] Scheduler: Fetching data for newly completed trials: [].
[INFO 03-13 18:13:14] Scheduler: Waiting for completed trials (for 1.5 sec, currently running trials: 5).
[INFO 03-13 18:13:16] Scheduler: Fetching data for newly completed trials: [].
[INFO 03-13 18:13:16] Scheduler: Waiting for completed trials (for 2 sec, currently running trials: 5).
[INFO 03-13 18:13:20] Scheduler: Fetching data for newly completed trials: [].
[INFO 03-13 18:13:20] Scheduler: Waiting for completed trials (for 3 sec, currently running trials: 5).
[INFO 03-13 18:13:24] Scheduler: Fetching data for newly completed trials: [].
[INFO 03-13 18:13:24] Scheduler: Waiting for completed trials (for 5 sec, currently running trials: 5).
[INFO 03-13 18:13:30] Scheduler: Fetching data for newly completed trials: [].
[INFO 03-13 18:13:30] Scheduler: Waiting for completed trials (for 7 sec, currently running trials: 5).
[INFO 03-13 18:13:39] Scheduler: Fetching data for newly completed trials: [].
[INFO 03-13 18:13:39] Scheduler: Waiting for completed trials (for 11 sec, currently running trials: 5).
[INFO 03-13 18:13:52] Scheduler: Fetching data for newly completed trials: [].
[INFO 03-13 18:13:52] Scheduler: Waiting for completed trials (for 17 sec, currently running trials: 5).
[INFO 03-13 18:14:10] Scheduler: Fetching data for newly completed trials: [].
[INFO 03-13 18:14:10] Scheduler: Waiting for completed trials (for 25 sec, currently running trials: 5).
[INFO 03-13 18:14:36] Scheduler: Fetching data for newly completed trials: [].
[INFO 03-13 18:14:36] Scheduler: Waiting for completed trials (for 38 sec, currently running trials: 5).
[INFO 03-13 18:15:16] Scheduler: Fetching data for newly completed trials: [11].
[INFO 03-13 18:15:16] Scheduler: Retrieved COMPLETED trials: [11].
[INFO 03-13 18:15:17] Scheduler: Fetching data for newly completed trials: [].
[INFO 03-13 18:15:17] Scheduler: Waiting for completed trials (for 1 sec, currently running trials: 4).
[INFO 03-13 18:15:19] Scheduler: Fetching data for newly completed trials: [].
[INFO 03-13 18:15:19] Scheduler: Waiting for completed trials (for 1.5 sec, currently running trials: 4).
[INFO 03-13 18:15:21] Scheduler: Fetching data for newly completed trials: [].
[INFO 03-13 18:15:21] Scheduler: Waiting for completed trials (for 2 sec, currently running trials: 4).
[INFO 03-13 18:15:24] Scheduler: Fetching data for newly completed trials: [].
[INFO 03-13 18:15:24] Scheduler: Waiting for completed trials (for 3 sec, currently running trials: 4).
[INFO 03-13 18:15:28] Scheduler: Fetching data for newly completed trials: [].
[INFO 03-13 18:15:28] Scheduler: Waiting for completed trials (for 5 sec, currently running trials: 4).
[INFO 03-13 18:15:34] Scheduler: Fetching data for newly completed trials: [].
[INFO 03-13 18:15:34] Scheduler: Waiting for completed trials (for 7 sec, currently running trials: 4).
[INFO 03-13 18:15:42] Scheduler: Fetching data for newly completed trials: [].
[INFO 03-13 18:15:42] Scheduler: Waiting for completed trials (for 11 sec, currently running trials: 4).
[INFO 03-13 18:15:55] Scheduler: Fetching data for newly completed trials: [].
[INFO 03-13 18:15:55] Scheduler: Waiting for completed trials (for 17 sec, currently running trials: 4).
[INFO 03-13 18:16:13] Scheduler: Fetching data for newly completed trials: [].
[INFO 03-13 18:16:13] Scheduler: Waiting for completed trials (for 25 sec, currently running trials: 4).
[INFO 03-13 18:16:39] Scheduler: Fetching data for newly completed trials: [].
[INFO 03-13 18:16:39] Scheduler: Waiting for completed trials (for 38 sec, currently running trials: 4).
[INFO 03-13 18:17:18] Scheduler: Fetching data for newly completed trials: [].
[INFO 03-13 18:17:18] Scheduler: Waiting for completed trials (for 57 sec, currently running trials: 4).
[INFO 03-13 18:18:17] Scheduler: Fetching data for newly completed trials: [].
[INFO 03-13 18:18:17] Scheduler: Waiting for completed trials (for 86 sec, currently running trials: 4).
[INFO 03-13 18:19:44] Scheduler: Fetching data for newly completed trials: [].
[INFO 03-13 18:19:44] Scheduler: Waiting for completed trials (for 129 sec, currently running trials: 4).
[INFO 03-13 18:21:55] Scheduler: Fetching data for newly completed trials: [12].
[INFO 03-13 18:21:55] Scheduler: Retrieved COMPLETED trials: [12].
[INFO 03-13 18:21:55] ax.modelbridge.base: Leaving out out-of-design observations for arms: status_quo
[INFO 03-13 18:26:39] Scheduler: Running trials [16]...
[INFO 03-13 18:26:41] ax.modelbridge.base: Leaving out out-of-design observations for arms: status_quo
[INFO 03-13 18:27:20] Scheduler: Running trials [17]...
[INFO 03-13 18:27:22] ax.modelbridge.base: Leaving out out-of-design observations for arms: status_quo
[INFO 03-13 18:28:14] Scheduler: Running trials [18]...
[INFO 03-13 18:28:16] ax.modelbridge.base: Leaving out out-of-design observations for arms: status_quo
/hpc/group/vossenlab/rck32/eic/dRICH-MOBO/lib/python3.12/site-packages/linear_operator/utils/cholesky.py:40: NumericalWarning: A not p.d., added jitter of 1.0e-08 to the diagonal
  warnings.warn(
[INFO 03-13 18:29:12] Scheduler: Running trials [19]...
[INFO 03-13 18:29:13] ax.modelbridge.base: Leaving out out-of-design observations for arms: status_quo
/hpc/group/vossenlab/rck32/eic/dRICH-MOBO/lib/python3.12/site-packages/linear_operator/utils/cholesky.py:40: NumericalWarning: A not p.d., added jitter of 1.0e-08 to the diagonal
  warnings.warn(
[INFO 03-13 18:30:17] Scheduler: Running trials [20]...
[INFO 03-13 18:30:18] ax.modelbridge.base: Leaving out out-of-design observations for arms: status_quo
[INFO 03-13 18:30:18] Scheduler: Generated all trials that can be generated currently. Max parallelism currently reached.
[INFO 03-13 18:30:20] Scheduler: Fetching data for newly completed trials: 13 - 15.
[INFO 03-13 18:30:20] Scheduler: Retrieved COMPLETED trials: 13 - 15.
[INFO 03-13 18:30:20] ax.modelbridge.base: Leaving out out-of-design observations for arms: status_quo
[INFO 03-13 18:33:51] Scheduler: Fetching data for newly completed trials: [].
[INFO 03-13 18:33:51] Scheduler: Waiting for completed trials (for 1 sec, currently running trials: 5).
[INFO 03-13 18:33:53] Scheduler: Fetching data for newly completed trials: [].
[INFO 03-13 18:33:53] Scheduler: Waiting for completed trials (for 1.5 sec, currently running trials: 5).
[INFO 03-13 18:33:56] Scheduler: Fetching data for newly completed trials: [].
[INFO 03-13 18:33:56] Scheduler: Waiting for completed trials (for 2 sec, currently running trials: 5).
[INFO 03-13 18:33:59] Scheduler: Fetching data for newly completed trials: [].
[INFO 03-13 18:33:59] Scheduler: Waiting for completed trials (for 3 sec, currently running trials: 5).
[INFO 03-13 18:34:04] Scheduler: Fetching data for newly completed trials: [].
[INFO 03-13 18:34:04] Scheduler: Waiting for completed trials (for 5 sec, currently running trials: 5).
[INFO 03-13 18:34:10] Scheduler: Fetching data for newly completed trials: [].
[INFO 03-13 18:34:10] Scheduler: Waiting for completed trials (for 7 sec, currently running trials: 5).
[INFO 03-13 18:34:18] Scheduler: Fetching data for newly completed trials: [].
[INFO 03-13 18:34:18] Scheduler: Waiting for completed trials (for 11 sec, currently running trials: 5).
[INFO 03-13 18:34:31] Scheduler: Fetching data for newly completed trials: [].
[INFO 03-13 18:34:31] Scheduler: Waiting for completed trials (for 17 sec, currently running trials: 5).
[INFO 03-13 18:34:49] Scheduler: Fetching data for newly completed trials: [].
[INFO 03-13 18:34:49] Scheduler: Waiting for completed trials (for 25 sec, currently running trials: 5).
[INFO 03-13 18:35:16] Scheduler: Fetching data for newly completed trials: [].
[INFO 03-13 18:35:16] Scheduler: Waiting for completed trials (for 38 sec, currently running trials: 5).
[INFO 03-13 18:35:56] Scheduler: Fetching data for newly completed trials: [].
[INFO 03-13 18:35:56] Scheduler: Waiting for completed trials (for 57 sec, currently running trials: 5).
[INFO 03-13 18:36:54] Scheduler: Fetching data for newly completed trials: [].
[INFO 03-13 18:36:54] Scheduler: Waiting for completed trials (for 86 sec, currently running trials: 5).
[INFO 03-13 18:38:22] Scheduler: Fetching data for newly completed trials: [].
[INFO 03-13 18:38:22] Scheduler: Waiting for completed trials (for 129 sec, currently running trials: 5).
[INFO 03-13 18:40:33] Scheduler: Fetching data for newly completed trials: [16].
[INFO 03-13 18:40:33] Scheduler: Retrieved COMPLETED trials: [16].
[INFO 03-13 18:40:33] ax.modelbridge.base: Leaving out out-of-design observations for arms: status_quo
/hpc/group/vossenlab/rck32/eic/dRICH-MOBO/lib/python3.12/site-packages/linear_operator/utils/cholesky.py:40: NumericalWarning: A not p.d., added jitter of 1.0e-08 to the diagonal
  warnings.warn(
[INFO 03-13 18:45:35] Scheduler: Running trials [21]...
[INFO 03-13 18:45:36] ax.modelbridge.base: Leaving out out-of-design observations for arms: status_quo
[INFO 03-13 18:45:36] Scheduler: Generated all trials that can be generated currently. Max parallelism currently reached.
[INFO 03-13 18:45:37] Scheduler: Fetching data for newly completed trials: [].
[INFO 03-13 18:45:37] Scheduler: Waiting for completed trials (for 1 sec, currently running trials: 5).
[INFO 03-13 18:45:39] Scheduler: Fetching data for newly completed trials: [].
[INFO 03-13 18:45:39] Scheduler: Waiting for completed trials (for 1.5 sec, currently running trials: 5).
[INFO 03-13 18:45:42] Scheduler: Fetching data for newly completed trials: [].
[INFO 03-13 18:45:42] Scheduler: Waiting for completed trials (for 2 sec, currently running trials: 5).
[INFO 03-13 18:45:45] Scheduler: Fetching data for newly completed trials: [].
[INFO 03-13 18:45:45] Scheduler: Waiting for completed trials (for 3 sec, currently running trials: 5).
[INFO 03-13 18:45:50] Scheduler: Fetching data for newly completed trials: [].
[INFO 03-13 18:45:50] Scheduler: Waiting for completed trials (for 5 sec, currently running trials: 5).
[INFO 03-13 18:45:56] Scheduler: Fetching data for newly completed trials: [].
[INFO 03-13 18:45:56] Scheduler: Waiting for completed trials (for 7 sec, currently running trials: 5).
[INFO 03-13 18:46:05] Scheduler: Fetching data for newly completed trials: [].
[INFO 03-13 18:46:05] Scheduler: Waiting for completed trials (for 11 sec, currently running trials: 5).
[INFO 03-13 18:46:17] Scheduler: Fetching data for newly completed trials: [].
[INFO 03-13 18:46:17] Scheduler: Waiting for completed trials (for 17 sec, currently running trials: 5).
[INFO 03-13 18:46:35] Scheduler: Fetching data for newly completed trials: [].
[INFO 03-13 18:46:35] Scheduler: Waiting for completed trials (for 25 sec, currently running trials: 5).
[INFO 03-13 18:47:02] Scheduler: Fetching data for newly completed trials: [].
[INFO 03-13 18:47:02] Scheduler: Waiting for completed trials (for 38 sec, currently running trials: 5).
[INFO 03-13 18:47:42] Scheduler: Fetching data for newly completed trials: [].
[INFO 03-13 18:47:42] Scheduler: Waiting for completed trials (for 57 sec, currently running trials: 5).
[INFO 03-13 18:48:41] Scheduler: Fetching data for newly completed trials: [].
[INFO 03-13 18:48:41] Scheduler: Waiting for completed trials (for 86 sec, currently running trials: 5).
[INFO 03-13 18:50:09] Scheduler: Fetching data for newly completed trials: [].
[INFO 03-13 18:50:09] Scheduler: Waiting for completed trials (for 129 sec, currently running trials: 5).
[INFO 03-13 18:52:20] Scheduler: Fetching data for newly completed trials: [].
[INFO 03-13 18:52:20] Scheduler: Waiting for completed trials (for 194 sec, currently running trials: 5).
[INFO 03-13 18:55:36] Scheduler: Fetching data for newly completed trials: [].
[INFO 03-13 18:55:36] Scheduler: Waiting for completed trials (for 291 sec, currently running trials: 5).
[INFO 03-13 19:00:29] Scheduler: Fetching data for newly completed trials: [].
[INFO 03-13 19:00:29] Scheduler: Waiting for completed trials (for 437 sec, currently running trials: 5).
[INFO 03-13 19:07:48] Scheduler: Fetching data for newly completed trials: 17 - 21.
[INFO 03-13 19:07:48] Scheduler: Retrieved COMPLETED trials: 17 - 21.
[INFO 03-13 19:07:48] ax.modelbridge.base: Leaving out out-of-design observations for arms: status_quo
/hpc/group/vossenlab/rck32/eic/dRICH-MOBO/lib/python3.12/site-packages/linear_operator/utils/cholesky.py:40: NumericalWarning: A not p.d., added jitter of 1.0e-08 to the diagonal
  warnings.warn(
[INFO 03-13 19:13:23] Scheduler: Running trials [22]...
[INFO 03-13 19:13:25] ax.modelbridge.base: Leaving out out-of-design observations for arms: status_quo
[WARNING 03-13 19:13:25] ax.models.torch.botorch_modular.acquisition: Encountered Xs pending for some Surrogates but observed for others. Considering these points to be pending.
/hpc/group/vossenlab/rck32/eic/dRICH-MOBO/lib/python3.12/site-packages/linear_operator/utils/cholesky.py:40: NumericalWarning: A not p.d., added jitter of 1.0e-08 to the diagonal
  warnings.warn(
[INFO 03-13 19:15:13] Scheduler: Running trials [23]...
[INFO 03-13 19:15:15] ax.modelbridge.base: Leaving out out-of-design observations for arms: status_quo
[WARNING 03-13 19:15:15] ax.models.torch.botorch_modular.acquisition: Encountered Xs pending for some Surrogates but observed for others. Considering these points to be pending.
/hpc/group/vossenlab/rck32/eic/dRICH-MOBO/lib/python3.12/site-packages/linear_operator/utils/cholesky.py:40: NumericalWarning: A not p.d., added jitter of 1.0e-08 to the diagonal
  warnings.warn(
[INFO 03-13 19:17:04] Scheduler: Running trials [24]...
[INFO 03-13 19:17:06] ax.modelbridge.base: Leaving out out-of-design observations for arms: status_quo
[WARNING 03-13 19:17:06] ax.models.torch.botorch_modular.acquisition: Encountered Xs pending for some Surrogates but observed for others. Considering these points to be pending.
/hpc/group/vossenlab/rck32/eic/dRICH-MOBO/lib/python3.12/site-packages/linear_operator/utils/cholesky.py:40: NumericalWarning: A not p.d., added jitter of 1.0e-08 to the diagonal
  warnings.warn(
/hpc/group/vossenlab/rck32/eic/dRICH-MOBO/lib/python3.12/site-packages/linear_operator/utils/cholesky.py:40: NumericalWarning: A not p.d., added jitter of 1.0e-08 to the diagonal
  warnings.warn(
[INFO 03-13 19:18:33] Scheduler: Running trials [25]...
[INFO 03-13 19:18:35] ax.modelbridge.base: Leaving out out-of-design observations for arms: status_quo
[WARNING 03-13 19:18:35] ax.models.torch.botorch_modular.acquisition: Encountered Xs pending for some Surrogates but observed for others. Considering these points to be pending.
/hpc/group/vossenlab/rck32/eic/dRICH-MOBO/lib/python3.12/site-packages/linear_operator/utils/cholesky.py:40: NumericalWarning: A not p.d., added jitter of 1.0e-08 to the diagonal
  warnings.warn(
[INFO 03-13 19:20:55] Scheduler: Running trials [26]...
[INFO 03-13 19:20:57] ax.modelbridge.base: Leaving out out-of-design observations for arms: status_quo
[INFO 03-13 19:20:57] Scheduler: Generated all trials that can be generated currently. Max parallelism currently reached.
[INFO 03-13 19:20:58] Scheduler: Fetching data for newly completed trials: [].
[INFO 03-13 19:20:58] Scheduler: Waiting for completed trials (for 1 sec, currently running trials: 5).
[INFO 03-13 19:21:00] Scheduler: Fetching data for newly completed trials: [].
[INFO 03-13 19:21:00] Scheduler: Waiting for completed trials (for 1.5 sec, currently running trials: 5).
[INFO 03-13 19:21:02] Scheduler: Fetching data for newly completed trials: [].
[INFO 03-13 19:21:02] Scheduler: Waiting for completed trials (for 2 sec, currently running trials: 5).
[INFO 03-13 19:21:06] Scheduler: Fetching data for newly completed trials: [].
[INFO 03-13 19:21:06] Scheduler: Waiting for completed trials (for 3 sec, currently running trials: 5).
[INFO 03-13 19:21:10] Scheduler: Fetching data for newly completed trials: [].
[INFO 03-13 19:21:10] Scheduler: Waiting for completed trials (for 5 sec, currently running trials: 5).
[INFO 03-13 19:21:16] Scheduler: Fetching data for newly completed trials: [].
[INFO 03-13 19:21:16] Scheduler: Waiting for completed trials (for 7 sec, currently running trials: 5).
[INFO 03-13 19:21:25] Scheduler: Fetching data for newly completed trials: [].
[INFO 03-13 19:21:25] Scheduler: Waiting for completed trials (for 11 sec, currently running trials: 5).
[INFO 03-13 19:21:38] Scheduler: Fetching data for newly completed trials: [].
[INFO 03-13 19:21:38] Scheduler: Waiting for completed trials (for 17 sec, currently running trials: 5).
[INFO 03-13 19:21:56] Scheduler: Fetching data for newly completed trials: [].
[INFO 03-13 19:21:56] Scheduler: Waiting for completed trials (for 25 sec, currently running trials: 5).
[INFO 03-13 19:22:22] Scheduler: Fetching data for newly completed trials: [].
[INFO 03-13 19:22:22] Scheduler: Waiting for completed trials (for 38 sec, currently running trials: 5).
[INFO 03-13 19:23:02] Scheduler: Fetching data for newly completed trials: [].
[INFO 03-13 19:23:02] Scheduler: Waiting for completed trials (for 57 sec, currently running trials: 5).
[INFO 03-13 19:24:01] Scheduler: Fetching data for newly completed trials: [].
[INFO 03-13 19:24:01] Scheduler: Waiting for completed trials (for 86 sec, currently running trials: 5).
[INFO 03-13 19:25:28] Scheduler: Fetching data for newly completed trials: [].
[INFO 03-13 19:25:28] Scheduler: Waiting for completed trials (for 129 sec, currently running trials: 5).
[INFO 03-13 19:27:39] Scheduler: Fetching data for newly completed trials: [22].
[INFO 03-13 19:27:39] Scheduler: Retrieved COMPLETED trials: [22].
[INFO 03-13 19:27:39] ax.modelbridge.base: Leaving out out-of-design observations for arms: status_quo
[WARNING 03-13 19:32:05] ax.models.torch.botorch_modular.acquisition: Encountered Xs pending for some Surrogates but observed for others. Considering these points to be pending.
/hpc/group/vossenlab/rck32/eic/dRICH-MOBO/lib/python3.12/site-packages/linear_operator/utils/cholesky.py:40: NumericalWarning: A not p.d., added jitter of 1.0e-08 to the diagonal
  warnings.warn(
/hpc/group/vossenlab/rck32/eic/dRICH-MOBO/lib/python3.12/site-packages/linear_operator/utils/cholesky.py:40: NumericalWarning: A not p.d., added jitter of 1.0e-08 to the diagonal
  warnings.warn(
[INFO 03-13 19:34:28] Scheduler: Running trials [27]...
[INFO 03-13 19:34:30] ax.modelbridge.base: Leaving out out-of-design observations for arms: status_quo
[INFO 03-13 19:34:30] Scheduler: Generated all trials that can be generated currently. Max parallelism currently reached.
[INFO 03-13 19:34:31] Scheduler: Fetching data for newly completed trials: [].
[INFO 03-13 19:34:31] Scheduler: Waiting for completed trials (for 1 sec, currently running trials: 5).
[INFO 03-13 19:34:33] Scheduler: Fetching data for newly completed trials: [].
[INFO 03-13 19:34:33] Scheduler: Waiting for completed trials (for 1.5 sec, currently running trials: 5).
[INFO 03-13 19:34:35] Scheduler: Fetching data for newly completed trials: [].
[INFO 03-13 19:34:35] Scheduler: Waiting for completed trials (for 2 sec, currently running trials: 5).
[INFO 03-13 19:34:38] Scheduler: Fetching data for newly completed trials: [].
[INFO 03-13 19:34:38] Scheduler: Waiting for completed trials (for 3 sec, currently running trials: 5).
[INFO 03-13 19:34:43] Scheduler: Fetching data for newly completed trials: [].
[INFO 03-13 19:34:43] Scheduler: Waiting for completed trials (for 5 sec, currently running trials: 5).
[INFO 03-13 19:34:49] Scheduler: Fetching data for newly completed trials: [].
[INFO 03-13 19:34:49] Scheduler: Waiting for completed trials (for 7 sec, currently running trials: 5).
[INFO 03-13 19:34:58] Scheduler: Fetching data for newly completed trials: [].
[INFO 03-13 19:34:58] Scheduler: Waiting for completed trials (for 11 sec, currently running trials: 5).
[INFO 03-13 19:35:10] Scheduler: Fetching data for newly completed trials: [].
[INFO 03-13 19:35:10] Scheduler: Waiting for completed trials (for 17 sec, currently running trials: 5).
[INFO 03-13 19:35:28] Scheduler: Fetching data for newly completed trials: [].
[INFO 03-13 19:35:28] Scheduler: Waiting for completed trials (for 25 sec, currently running trials: 5).
[INFO 03-13 19:35:55] Scheduler: Fetching data for newly completed trials: [].
[INFO 03-13 19:35:55] Scheduler: Waiting for completed trials (for 38 sec, currently running trials: 5).
[INFO 03-13 19:36:34] Scheduler: Fetching data for newly completed trials: [].
[INFO 03-13 19:36:34] Scheduler: Waiting for completed trials (for 57 sec, currently running trials: 5).
[INFO 03-13 19:37:33] Scheduler: Fetching data for newly completed trials: [24].
[INFO 03-13 19:37:33] Scheduler: Retrieved COMPLETED trials: [24].
[INFO 03-13 19:37:33] ax.modelbridge.base: Leaving out out-of-design observations for arms: status_quo
[WARNING 03-13 19:41:38] ax.models.torch.botorch_modular.acquisition: Encountered Xs pending for some Surrogates but observed for others. Considering these points to be pending.
/hpc/group/vossenlab/rck32/eic/dRICH-MOBO/lib/python3.12/site-packages/linear_operator/utils/cholesky.py:40: NumericalWarning: A not p.d., added jitter of 1.0e-08 to the diagonal
  warnings.warn(
/hpc/group/vossenlab/rck32/eic/dRICH-MOBO/lib/python3.12/site-packages/linear_operator/utils/cholesky.py:40: NumericalWarning: A not p.d., added jitter of 1.0e-08 to the diagonal
  warnings.warn(
[INFO 03-13 19:43:31] Scheduler: Running trials [28]...
[INFO 03-13 19:43:32] ax.modelbridge.base: Leaving out out-of-design observations for arms: status_quo
[INFO 03-13 19:43:32] Scheduler: Generated all trials that can be generated currently. Max parallelism currently reached.
[INFO 03-13 19:43:34] Scheduler: Fetching data for newly completed trials: [23].
[INFO 03-13 19:43:34] Scheduler: Retrieved COMPLETED trials: [23].
[INFO 03-13 19:43:34] ax.modelbridge.base: Leaving out out-of-design observations for arms: status_quo
[WARNING 03-13 19:47:16] ax.models.torch.botorch_modular.acquisition: Encountered Xs pending for some Surrogates but observed for others. Considering these points to be pending.
/hpc/group/vossenlab/rck32/eic/dRICH-MOBO/lib/python3.12/site-packages/linear_operator/utils/cholesky.py:40: NumericalWarning: A not p.d., added jitter of 1.0e-08 to the diagonal
  warnings.warn(
/hpc/group/vossenlab/rck32/eic/dRICH-MOBO/lib/python3.12/site-packages/linear_operator/utils/cholesky.py:40: NumericalWarning: A not p.d., added jitter of 1.0e-08 to the diagonal
  warnings.warn(
[INFO 03-13 19:49:32] Scheduler: Running trials [29]...
[INFO 03-13 19:49:33] ax.modelbridge.base: Leaving out out-of-design observations for arms: status_quo
[INFO 03-13 19:49:33] Scheduler: Generated all trials that can be generated currently. Max parallelism currently reached.
[INFO 03-13 19:49:34] Scheduler: Fetching data for newly completed trials: 25 - 26.
[INFO 03-13 19:49:34] Scheduler: Retrieved COMPLETED trials: 25 - 26.
[INFO 03-13 19:49:34] ax.modelbridge.base: Leaving out out-of-design observations for arms: status_quo
[WARNING 03-13 19:54:02] ax.models.torch.botorch_modular.acquisition: Encountered Xs pending for some Surrogates but observed for others. Considering these points to be pending.
/hpc/group/vossenlab/rck32/eic/dRICH-MOBO/lib/python3.12/site-packages/linear_operator/utils/cholesky.py:40: NumericalWarning: A not p.d., added jitter of 1.0e-08 to the diagonal
  warnings.warn(
[INFO 03-13 19:57:06] Scheduler: Running trials [30]...
[INFO 03-13 19:57:07] ax.modelbridge.base: Leaving out out-of-design observations for arms: status_quo
[WARNING 03-13 19:57:07] ax.models.torch.botorch_modular.acquisition: Encountered Xs pending for some Surrogates but observed for others. Considering these points to be pending.
/hpc/group/vossenlab/rck32/eic/dRICH-MOBO/lib/python3.12/site-packages/linear_operator/utils/cholesky.py:40: NumericalWarning: A not p.d., added jitter of 1.0e-08 to the diagonal
  warnings.warn(
/hpc/group/vossenlab/rck32/eic/dRICH-MOBO/lib/python3.12/site-packages/linear_operator/utils/cholesky.py:40: NumericalWarning: A not p.d., added jitter of 1.0e-08 to the diagonal
  warnings.warn(
[INFO 03-13 19:59:47] Scheduler: Running trials [31]...
[INFO 03-13 19:59:49] ax.modelbridge.base: Leaving out out-of-design observations for arms: status_quo
[INFO 03-13 19:59:49] Scheduler: Generated all trials that can be generated currently. Max parallelism currently reached.
[INFO 03-13 19:59:50] Scheduler: Fetching data for newly completed trials: [].
[INFO 03-13 19:59:50] Scheduler: Waiting for completed trials (for 1 sec, currently running trials: 5).
[INFO 03-13 19:59:52] Scheduler: Fetching data for newly completed trials: [].
[INFO 03-13 19:59:52] Scheduler: Waiting for completed trials (for 1.5 sec, currently running trials: 5).
[INFO 03-13 19:59:54] Scheduler: Fetching data for newly completed trials: [].
[INFO 03-13 19:59:54] Scheduler: Waiting for completed trials (for 2 sec, currently running trials: 5).
[INFO 03-13 19:59:58] Scheduler: Fetching data for newly completed trials: [].
[INFO 03-13 19:59:58] Scheduler: Waiting for completed trials (for 3 sec, currently running trials: 5).
[INFO 03-13 20:00:02] Scheduler: Fetching data for newly completed trials: [].
[INFO 03-13 20:00:02] Scheduler: Waiting for completed trials (for 5 sec, currently running trials: 5).
[INFO 03-13 20:00:08] Scheduler: Fetching data for newly completed trials: [].
[INFO 03-13 20:00:08] Scheduler: Waiting for completed trials (for 7 sec, currently running trials: 5).
[INFO 03-13 20:00:17] Scheduler: Fetching data for newly completed trials: [].
[INFO 03-13 20:00:17] Scheduler: Waiting for completed trials (for 11 sec, currently running trials: 5).
[INFO 03-13 20:00:29] Scheduler: Fetching data for newly completed trials: [].
[INFO 03-13 20:00:29] Scheduler: Waiting for completed trials (for 17 sec, currently running trials: 5).
[INFO 03-13 20:00:47] Scheduler: Fetching data for newly completed trials: [].
[INFO 03-13 20:00:47] Scheduler: Waiting for completed trials (for 25 sec, currently running trials: 5).
[INFO 03-13 20:01:14] Scheduler: Fetching data for newly completed trials: [].
[INFO 03-13 20:01:14] Scheduler: Waiting for completed trials (for 38 sec, currently running trials: 5).
[INFO 03-13 20:01:54] Scheduler: Fetching data for newly completed trials: [].
[INFO 03-13 20:01:54] Scheduler: Waiting for completed trials (for 57 sec, currently running trials: 5).
[INFO 03-13 20:02:52] Scheduler: Fetching data for newly completed trials: [].
[INFO 03-13 20:02:52] Scheduler: Waiting for completed trials (for 86 sec, currently running trials: 5).
[INFO 03-13 20:04:20] Scheduler: Fetching data for newly completed trials: [].
[INFO 03-13 20:04:20] Scheduler: Waiting for completed trials (for 129 sec, currently running trials: 5).
[INFO 03-13 20:06:31] Scheduler: Fetching data for newly completed trials: [].
[INFO 03-13 20:06:31] Scheduler: Waiting for completed trials (for 194 sec, currently running trials: 5).
[INFO 03-13 20:09:47] Scheduler: Fetching data for newly completed trials: [].
[INFO 03-13 20:09:47] Scheduler: Waiting for completed trials (for 291 sec, currently running trials: 5).
[INFO 03-13 20:14:40] Scheduler: Fetching data for newly completed trials: [].
[INFO 03-13 20:14:40] Scheduler: Waiting for completed trials (for 437 sec, currently running trials: 5).
[INFO 03-13 20:21:59] Scheduler: Fetching data for newly completed trials: [].
[INFO 03-13 20:21:59] ax.modelbridge.base: Leaving out out-of-design observations for arms: status_quo
[INFO 03-13 20:22:00] Scheduler: Fetching data for newly completed trials: [].
[INFO 03-13 20:22:00] Scheduler: Waiting for completed trials (for 1 sec, currently running trials: 5).
[INFO 03-13 20:22:03] Scheduler: Fetching data for newly completed trials: [].
[INFO 03-13 20:22:03] Scheduler: Waiting for completed trials (for 1.5 sec, currently running trials: 5).
[INFO 03-13 20:22:05] Scheduler: Fetching data for newly completed trials: [].
[INFO 03-13 20:22:05] Scheduler: Waiting for completed trials (for 2 sec, currently running trials: 5).
[INFO 03-13 20:22:09] Scheduler: Fetching data for newly completed trials: [].
[INFO 03-13 20:22:09] Scheduler: Waiting for completed trials (for 3 sec, currently running trials: 5).
[INFO 03-13 20:22:13] Scheduler: Fetching data for newly completed trials: [].
[INFO 03-13 20:22:13] Scheduler: Waiting for completed trials (for 5 sec, currently running trials: 5).
[INFO 03-13 20:22:19] Scheduler: Fetching data for newly completed trials: [].
[INFO 03-13 20:22:19] Scheduler: Waiting for completed trials (for 7 sec, currently running trials: 5).
[INFO 03-13 20:22:28] Scheduler: Fetching data for newly completed trials: [].
[INFO 03-13 20:22:28] Scheduler: Waiting for completed trials (for 11 sec, currently running trials: 5).
[INFO 03-13 20:22:41] Scheduler: Fetching data for newly completed trials: [].
[INFO 03-13 20:22:41] Scheduler: Waiting for completed trials (for 17 sec, currently running trials: 5).
[INFO 03-13 20:22:59] Scheduler: Fetching data for newly completed trials: [].
[INFO 03-13 20:22:59] Scheduler: Waiting for completed trials (for 25 sec, currently running trials: 5).
[INFO 03-13 20:23:26] Scheduler: Fetching data for newly completed trials: [].
[INFO 03-13 20:23:26] Scheduler: Waiting for completed trials (for 38 sec, currently running trials: 5).
[INFO 03-13 20:24:05] Scheduler: Fetching data for newly completed trials: [].
[INFO 03-13 20:24:05] Scheduler: Waiting for completed trials (for 57 sec, currently running trials: 5).
[INFO 03-13 20:25:04] Scheduler: Fetching data for newly completed trials: [].
[INFO 03-13 20:25:04] Scheduler: Waiting for completed trials (for 86 sec, currently running trials: 5).
[INFO 03-13 20:26:32] Scheduler: Fetching data for newly completed trials: [].
[INFO 03-13 20:26:32] Scheduler: Waiting for completed trials (for 129 sec, currently running trials: 5).
[INFO 03-13 20:28:43] Scheduler: Fetching data for newly completed trials: [].
[INFO 03-13 20:28:43] Scheduler: Waiting for completed trials (for 194 sec, currently running trials: 5).
[INFO 03-13 20:31:58] Scheduler: Fetching data for newly completed trials: [29].
[INFO 03-13 20:31:59] Scheduler: Retrieved COMPLETED trials: [29].
[INFO 03-13 20:31:59] ax.modelbridge.base: Leaving out out-of-design observations for arms: status_quo
[WARNING 03-13 20:37:00] ax.models.torch.botorch_modular.acquisition: Encountered Xs pending for some Surrogates but observed for others. Considering these points to be pending.
/hpc/group/vossenlab/rck32/eic/dRICH-MOBO/lib/python3.12/site-packages/linear_operator/utils/cholesky.py:40: NumericalWarning: A not p.d., added jitter of 1.0e-08 to the diagonal
  warnings.warn(
/hpc/group/vossenlab/rck32/eic/dRICH-MOBO/lib/python3.12/site-packages/linear_operator/utils/cholesky.py:40: NumericalWarning: A not p.d., added jitter of 1.0e-08 to the diagonal
  warnings.warn(
[INFO 03-13 20:40:03] Scheduler: Running trials [32]...
[INFO 03-13 20:40:04] ax.modelbridge.base: Leaving out out-of-design observations for arms: status_quo
[INFO 03-13 20:40:04] Scheduler: Generated all trials that can be generated currently. Max parallelism currently reached.
[INFO 03-13 20:40:05] Scheduler: Fetching data for newly completed trials: [27, 28, 30, 31].
[INFO 03-13 20:40:05] Scheduler: Retrieved COMPLETED trials: [27, 28, 30, 31].
[INFO 03-13 20:40:05] ax.modelbridge.base: Leaving out out-of-design observations for arms: status_quo
/hpc/group/vossenlab/rck32/eic/dRICH-MOBO/lib/python3.12/site-packages/linear_operator/utils/cholesky.py:40: NumericalWarning: A not p.d., added jitter of 1.0e-08 to the diagonal
  warnings.warn(
/hpc/group/vossenlab/rck32/eic/dRICH-MOBO/lib/python3.12/site-packages/linear_operator/utils/cholesky.py:40: NumericalWarning: A not p.d., added jitter of 1.0e-08 to the diagonal
  warnings.warn(
[INFO 03-13 20:47:14] Scheduler: Running trials [33]...
[INFO 03-13 20:47:15] ax.modelbridge.base: Leaving out out-of-design observations for arms: status_quo
/hpc/group/vossenlab/rck32/eic/dRICH-MOBO/lib/python3.12/site-packages/linear_operator/utils/cholesky.py:40: NumericalWarning: A not p.d., added jitter of 1.0e-08 to the diagonal
  warnings.warn(
/hpc/group/vossenlab/rck32/eic/dRICH-MOBO/lib/python3.12/site-packages/linear_operator/utils/cholesky.py:40: NumericalWarning: A not p.d., added jitter of 1.0e-08 to the diagonal
  warnings.warn(
[INFO 03-13 20:50:30] Scheduler: Running trials [34]...
[INFO 03-13 20:50:32] ax.modelbridge.base: Leaving out out-of-design observations for arms: status_quo
[WARNING 03-13 20:50:32] ax.models.torch.botorch_modular.acquisition: Encountered Xs pending for some Surrogates but observed for others. Considering these points to be pending.
/hpc/group/vossenlab/rck32/eic/dRICH-MOBO/lib/python3.12/site-packages/linear_operator/utils/cholesky.py:40: NumericalWarning: A not p.d., added jitter of 1.0e-08 to the diagonal
  warnings.warn(
/hpc/group/vossenlab/rck32/eic/dRICH-MOBO/lib/python3.12/site-packages/linear_operator/utils/cholesky.py:40: NumericalWarning: A not p.d., added jitter of 1.0e-08 to the diagonal
  warnings.warn(
[INFO 03-13 20:53:31] Scheduler: Running trials [35]...
[INFO 03-13 20:53:31] ax.modelbridge.base: Leaving out out-of-design observations for arms: status_quo
[WARNING 03-13 20:53:31] ax.models.torch.botorch_modular.acquisition: Encountered Xs pending for some Surrogates but observed for others. Considering these points to be pending.
/hpc/group/vossenlab/rck32/eic/dRICH-MOBO/lib/python3.12/site-packages/linear_operator/utils/cholesky.py:40: NumericalWarning: A not p.d., added jitter of 1.0e-08 to the diagonal
  warnings.warn(
/hpc/group/vossenlab/rck32/eic/dRICH-MOBO/lib/python3.12/site-packages/linear_operator/utils/cholesky.py:40: NumericalWarning: A not p.d., added jitter of 1.0e-08 to the diagonal
  warnings.warn(
[INFO 03-13 20:57:22] Scheduler: Running trials [36]...
[INFO 03-13 20:57:23] ax.modelbridge.base: Leaving out out-of-design observations for arms: status_quo
[INFO 03-13 20:57:23] Scheduler: Generated all trials that can be generated currently. Max parallelism currently reached.
[INFO 03-13 20:57:24] Scheduler: Fetching data for newly completed trials: [32].
[INFO 03-13 20:57:24] Scheduler: Retrieved COMPLETED trials: [32].
[INFO 03-13 20:57:25] ax.modelbridge.base: Leaving out out-of-design observations for arms: status_quo
[WARNING 03-13 21:00:48] ax.models.torch.botorch_modular.acquisition: Encountered Xs pending for some Surrogates but observed for others. Considering these points to be pending.
/hpc/group/vossenlab/rck32/eic/dRICH-MOBO/lib/python3.12/site-packages/linear_operator/utils/cholesky.py:40: NumericalWarning: A not p.d., added jitter of 1.0e-08 to the diagonal
  warnings.warn(
/hpc/group/vossenlab/rck32/eic/dRICH-MOBO/lib/python3.12/site-packages/linear_operator/utils/cholesky.py:40: NumericalWarning: A not p.d., added jitter of 1.0e-08 to the diagonal
  warnings.warn(
[INFO 03-13 21:04:40] Scheduler: Running trials [37]...
[INFO 03-13 21:04:41] ax.modelbridge.base: Leaving out out-of-design observations for arms: status_quo
[INFO 03-13 21:04:41] Scheduler: Generated all trials that can be generated currently. Max parallelism currently reached.
[INFO 03-13 21:04:42] Scheduler: Fetching data for newly completed trials: [34].
[INFO 03-13 21:04:42] Scheduler: Retrieved COMPLETED trials: [34].
[INFO 03-13 21:04:42] ax.modelbridge.base: Leaving out out-of-design observations for arms: status_quo
/hpc/group/vossenlab/rck32/eic/dRICH-MOBO/lib/python3.12/site-packages/linear_operator/utils/cholesky.py:40: NumericalWarning: A not p.d., added jitter of 1.0e-08 to the diagonal
  warnings.warn(
/hpc/group/vossenlab/rck32/eic/dRICH-MOBO/lib/python3.12/site-packages/linear_operator/utils/cholesky.py:40: NumericalWarning: A not p.d., added jitter of 1.0e-08 to the diagonal
  warnings.warn(
[INFO 03-13 21:13:24] Scheduler: Running trials [38]...
[INFO 03-13 21:13:25] ax.modelbridge.base: Leaving out out-of-design observations for arms: status_quo
[INFO 03-13 21:13:25] Scheduler: Generated all trials that can be generated currently. Max parallelism currently reached.
[INFO 03-13 21:13:26] Scheduler: Fetching data for newly completed trials: [35].
[INFO 03-13 21:13:26] Scheduler: Retrieved COMPLETED trials: [35].
[INFO 03-13 21:13:26] ax.modelbridge.base: Leaving out out-of-design observations for arms: status_quo
[WARNING 03-13 21:17:21] ax.models.torch.botorch_modular.acquisition: Encountered Xs pending for some Surrogates but observed for others. Considering these points to be pending.
/hpc/group/vossenlab/rck32/eic/dRICH-MOBO/lib/python3.12/site-packages/linear_operator/utils/cholesky.py:40: NumericalWarning: A not p.d., added jitter of 1.0e-08 to the diagonal
  warnings.warn(
/hpc/group/vossenlab/rck32/eic/dRICH-MOBO/lib/python3.12/site-packages/linear_operator/utils/cholesky.py:40: NumericalWarning: A not p.d., added jitter of 1.0e-08 to the diagonal
  warnings.warn(
[INFO 03-13 21:21:14] Scheduler: Running trials [39]...
[INFO 03-13 21:21:15] ax.modelbridge.base: Leaving out out-of-design observations for arms: status_quo
[INFO 03-13 21:21:15] Scheduler: Generated all trials that can be generated currently. Max parallelism currently reached.
[INFO 03-13 21:21:16] Scheduler: Fetching data for newly completed trials: [33, 36].
[INFO 03-13 21:21:16] Scheduler: Retrieved COMPLETED trials: [33, 36].
[INFO 03-13 21:21:16] ax.modelbridge.base: Leaving out out-of-design observations for arms: status_quo
[WARNING 03-13 21:24:32] ax.models.torch.botorch_modular.acquisition: Encountered Xs pending for some Surrogates but observed for others. Considering these points to be pending.
/hpc/group/vossenlab/rck32/eic/dRICH-MOBO/lib/python3.12/site-packages/linear_operator/utils/cholesky.py:40: NumericalWarning: A not p.d., added jitter of 1.0e-08 to the diagonal
  warnings.warn(
/hpc/group/vossenlab/rck32/eic/dRICH-MOBO/lib/python3.12/site-packages/linear_operator/utils/cholesky.py:40: NumericalWarning: A not p.d., added jitter of 1.0e-08 to the diagonal
  warnings.warn(
[INFO 03-13 21:28:28] Scheduler: Running trials [40]...
[INFO 03-13 21:28:29] ax.modelbridge.base: Leaving out out-of-design observations for arms: status_quo
[WARNING 03-13 21:28:29] ax.models.torch.botorch_modular.acquisition: Encountered Xs pending for some Surrogates but observed for others. Considering these points to be pending.
/hpc/group/vossenlab/rck32/eic/dRICH-MOBO/lib/python3.12/site-packages/linear_operator/utils/cholesky.py:40: NumericalWarning: A not p.d., added jitter of 1.0e-08 to the diagonal
  warnings.warn(
/hpc/group/vossenlab/rck32/eic/dRICH-MOBO/lib/python3.12/site-packages/linear_operator/utils/cholesky.py:40: NumericalWarning: A not p.d., added jitter of 1.0e-08 to the diagonal
  warnings.warn(
[INFO 03-13 21:32:19] Scheduler: Running trials [41]...
[INFO 03-13 21:32:20] ax.modelbridge.base: Leaving out out-of-design observations for arms: status_quo
[INFO 03-13 21:32:20] Scheduler: Generated all trials that can be generated currently. Max parallelism currently reached.
[INFO 03-13 21:32:21] Scheduler: Fetching data for newly completed trials: 37 - 38.
[INFO 03-13 21:32:21] Scheduler: Retrieved COMPLETED trials: 37 - 38.
[INFO 03-13 21:32:22] ax.modelbridge.base: Leaving out out-of-design observations for arms: status_quo
[WARNING 03-13 21:36:31] ax.models.torch.botorch_modular.acquisition: Encountered Xs pending for some Surrogates but observed for others. Considering these points to be pending.
/hpc/group/vossenlab/rck32/eic/dRICH-MOBO/lib/python3.12/site-packages/linear_operator/utils/cholesky.py:40: NumericalWarning: A not p.d., added jitter of 1.0e-08 to the diagonal
  warnings.warn(
/hpc/group/vossenlab/rck32/eic/dRICH-MOBO/lib/python3.12/site-packages/linear_operator/utils/cholesky.py:40: NumericalWarning: A not p.d., added jitter of 1.0e-08 to the diagonal
  warnings.warn(
[INFO 03-13 21:40:01] Scheduler: Running trials [42]...
[INFO 03-13 21:40:02] ax.modelbridge.base: Leaving out out-of-design observations for arms: status_quo
[WARNING 03-13 21:40:02] ax.models.torch.botorch_modular.acquisition: Encountered Xs pending for some Surrogates but observed for others. Considering these points to be pending.
/hpc/group/vossenlab/rck32/eic/dRICH-MOBO/lib/python3.12/site-packages/linear_operator/utils/cholesky.py:40: NumericalWarning: A not p.d., added jitter of 1.0e-08 to the diagonal
  warnings.warn(
/hpc/group/vossenlab/rck32/eic/dRICH-MOBO/lib/python3.12/site-packages/linear_operator/utils/cholesky.py:40: NumericalWarning: A not p.d., added jitter of 1.0e-08 to the diagonal
  warnings.warn(
[INFO 03-13 21:43:16] Scheduler: Running trials [43]...
[INFO 03-13 21:43:18] ax.modelbridge.base: Leaving out out-of-design observations for arms: status_quo
[INFO 03-13 21:43:18] Scheduler: Generated all trials that can be generated currently. Max parallelism currently reached.
[INFO 03-13 21:43:19] Scheduler: Fetching data for newly completed trials: 39 - 40.
[INFO 03-13 21:43:19] Scheduler: Retrieved COMPLETED trials: 39 - 40.
[INFO 03-13 21:43:19] ax.modelbridge.base: Leaving out out-of-design observations for arms: status_quo
[WARNING 03-13 21:47:43] ax.models.torch.botorch_modular.acquisition: Encountered Xs pending for some Surrogates but observed for others. Considering these points to be pending.
/hpc/group/vossenlab/rck32/eic/dRICH-MOBO/lib/python3.12/site-packages/linear_operator/utils/cholesky.py:40: NumericalWarning: A not p.d., added jitter of 1.0e-08 to the diagonal
  warnings.warn(
/hpc/group/vossenlab/rck32/eic/dRICH-MOBO/lib/python3.12/site-packages/linear_operator/utils/cholesky.py:40: NumericalWarning: A not p.d., added jitter of 1.0e-08 to the diagonal
  warnings.warn(
[INFO 03-13 21:51:31] Scheduler: Running trials [44]...
[INFO 03-13 21:51:32] ax.modelbridge.base: Leaving out out-of-design observations for arms: status_quo
[WARNING 03-13 21:51:32] ax.models.torch.botorch_modular.acquisition: Encountered Xs pending for some Surrogates but observed for others. Considering these points to be pending.
/hpc/group/vossenlab/rck32/eic/dRICH-MOBO/lib/python3.12/site-packages/linear_operator/utils/cholesky.py:40: NumericalWarning: A not p.d., added jitter of 1.0e-08 to the diagonal
  warnings.warn(
/hpc/group/vossenlab/rck32/eic/dRICH-MOBO/lib/python3.12/site-packages/linear_operator/utils/cholesky.py:40: NumericalWarning: A not p.d., added jitter of 1.0e-08 to the diagonal
  warnings.warn(
[INFO 03-13 21:55:57] Scheduler: Running trials [45]...
[INFO 03-13 21:56:00] ax.modelbridge.base: Leaving out out-of-design observations for arms: status_quo
[INFO 03-13 21:56:00] Scheduler: Generated all trials that can be generated currently. Max parallelism currently reached.
[INFO 03-13 21:56:01] Scheduler: Fetching data for newly completed trials: 41 - 42.
[INFO 03-13 21:56:01] Scheduler: Retrieved COMPLETED trials: 41 - 42.
[INFO 03-13 21:56:01] ax.modelbridge.base: Leaving out out-of-design observations for arms: status_quo
[WARNING 03-13 22:00:16] ax.models.torch.botorch_modular.acquisition: Encountered Xs pending for some Surrogates but observed for others. Considering these points to be pending.
/hpc/group/vossenlab/rck32/eic/dRICH-MOBO/lib/python3.12/site-packages/linear_operator/utils/cholesky.py:40: NumericalWarning: A not p.d., added jitter of 1.0e-08 to the diagonal
  warnings.warn(
[INFO 03-13 22:04:22] Scheduler: Running trials [46]...
[INFO 03-13 22:04:22] ax.modelbridge.base: Leaving out out-of-design observations for arms: status_quo
[WARNING 03-13 22:04:22] ax.models.torch.botorch_modular.acquisition: Encountered Xs pending for some Surrogates but observed for others. Considering these points to be pending.
/hpc/group/vossenlab/rck32/eic/dRICH-MOBO/lib/python3.12/site-packages/linear_operator/utils/cholesky.py:40: NumericalWarning: A not p.d., added jitter of 1.0e-08 to the diagonal
  warnings.warn(
[INFO 03-13 22:09:01] Scheduler: Running trials [47]...
[INFO 03-13 22:09:03] ax.modelbridge.base: Leaving out out-of-design observations for arms: status_quo
[INFO 03-13 22:09:03] Scheduler: Generated all trials that can be generated currently. Max parallelism currently reached.
[INFO 03-13 22:09:04] Scheduler: Fetching data for newly completed trials: 43 - 45.
[INFO 03-13 22:09:04] Scheduler: Retrieved COMPLETED trials: 43 - 45.
[INFO 03-13 22:09:04] ax.modelbridge.base: Leaving out out-of-design observations for arms: status_quo
/hpc/group/vossenlab/rck32/eic/dRICH-MOBO/lib/python3.12/site-packages/linear_operator/utils/cholesky.py:40: NumericalWarning: A not p.d., added jitter of 1.0e-08 to the diagonal
  warnings.warn(
/hpc/group/vossenlab/rck32/eic/dRICH-MOBO/lib/python3.12/site-packages/linear_operator/utils/cholesky.py:40: NumericalWarning: A not p.d., added jitter of 1.0e-08 to the diagonal
  warnings.warn(
[INFO 03-13 22:18:00] Scheduler: Running trials [48]...
[INFO 03-13 22:18:02] ax.modelbridge.base: Leaving out out-of-design observations for arms: status_quo
[WARNING 03-13 22:18:02] ax.models.torch.botorch_modular.acquisition: Encountered Xs pending for some Surrogates but observed for others. Considering these points to be pending.
/hpc/group/vossenlab/rck32/eic/dRICH-MOBO/lib/python3.12/site-packages/linear_operator/utils/cholesky.py:40: NumericalWarning: A not p.d., added jitter of 1.0e-08 to the diagonal
  warnings.warn(
/hpc/group/vossenlab/rck32/eic/dRICH-MOBO/lib/python3.12/site-packages/linear_operator/utils/cholesky.py:40: NumericalWarning: A not p.d., added jitter of 1.0e-08 to the diagonal
  warnings.warn(
[INFO 03-13 22:22:14] Scheduler: Running trials [49]...
[INFO 03-13 22:22:16] ax.modelbridge.base: Leaving out out-of-design observations for arms: status_quo
[WARNING 03-13 22:22:16] ax.models.torch.botorch_modular.acquisition: Encountered Xs pending for some Surrogates but observed for others. Considering these points to be pending.
/hpc/group/vossenlab/rck32/eic/dRICH-MOBO/lib/python3.12/site-packages/linear_operator/utils/cholesky.py:40: NumericalWarning: A not p.d., added jitter of 1.0e-08 to the diagonal
  warnings.warn(
/hpc/group/vossenlab/rck32/eic/dRICH-MOBO/lib/python3.12/site-packages/linear_operator/utils/cholesky.py:40: NumericalWarning: A not p.d., added jitter of 1.0e-08 to the diagonal
  warnings.warn(
[INFO 03-13 22:26:27] Scheduler: Running trials [50]...
[INFO 03-13 22:26:29] Scheduler: Fetching data for newly completed trials: 46 - 47.
[INFO 03-13 22:26:29] Scheduler: Retrieved COMPLETED trials: 46 - 47.
[INFO 03-13 22:26:29] Scheduler: Done submitting trials, waiting for remaining 3 running trials...
[INFO 03-13 22:26:30] Scheduler: Fetching data for newly completed trials: [].
[INFO 03-13 22:26:30] Scheduler: Waiting for completed trials (for 1 sec, currently running trials: 3).
[INFO 03-13 22:26:32] Scheduler: Fetching data for newly completed trials: [].
[INFO 03-13 22:26:32] Scheduler: Waiting for completed trials (for 1.5 sec, currently running trials: 3).
[INFO 03-13 22:26:34] Scheduler: Fetching data for newly completed trials: [].
[INFO 03-13 22:26:34] Scheduler: Waiting for completed trials (for 2 sec, currently running trials: 3).
[INFO 03-13 22:26:37] Scheduler: Fetching data for newly completed trials: [].
[INFO 03-13 22:26:37] Scheduler: Waiting for completed trials (for 3 sec, currently running trials: 3).
[INFO 03-13 22:26:41] Scheduler: Fetching data for newly completed trials: [].
[INFO 03-13 22:26:41] Scheduler: Waiting for completed trials (for 5 sec, currently running trials: 3).
[INFO 03-13 22:26:46] Scheduler: Fetching data for newly completed trials: [].
[INFO 03-13 22:26:46] Scheduler: Waiting for completed trials (for 7 sec, currently running trials: 3).
[INFO 03-13 22:26:54] Scheduler: Fetching data for newly completed trials: [].
[INFO 03-13 22:26:54] Scheduler: Waiting for completed trials (for 11 sec, currently running trials: 3).
[INFO 03-13 22:27:07] Scheduler: Fetching data for newly completed trials: [].
[INFO 03-13 22:27:07] Scheduler: Waiting for completed trials (for 17 sec, currently running trials: 3).
[INFO 03-13 22:27:25] Scheduler: Fetching data for newly completed trials: [].
[INFO 03-13 22:27:25] Scheduler: Waiting for completed trials (for 25 sec, currently running trials: 3).
[INFO 03-13 22:27:51] Scheduler: Fetching data for newly completed trials: [].
[INFO 03-13 22:27:51] Scheduler: Waiting for completed trials (for 38 sec, currently running trials: 3).
[INFO 03-13 22:28:30] Scheduler: Fetching data for newly completed trials: [].
[INFO 03-13 22:28:30] Scheduler: Waiting for completed trials (for 57 sec, currently running trials: 3).
[INFO 03-13 22:29:28] Scheduler: Fetching data for newly completed trials: [].
[INFO 03-13 22:29:28] Scheduler: Waiting for completed trials (for 86 sec, currently running trials: 3).
[INFO 03-13 22:30:55] Scheduler: Fetching data for newly completed trials: [48].
[INFO 03-13 22:30:55] Scheduler: Retrieved COMPLETED trials: [48].
[INFO 03-13 22:30:56] Scheduler: Fetching data for newly completed trials: [].
[INFO 03-13 22:30:56] Scheduler: Waiting for completed trials (for 1 sec, currently running trials: 2).
[INFO 03-13 22:30:57] Scheduler: Fetching data for newly completed trials: [].
[INFO 03-13 22:30:57] Scheduler: Waiting for completed trials (for 1.5 sec, currently running trials: 2).
[INFO 03-13 22:30:59] Scheduler: Fetching data for newly completed trials: [].
[INFO 03-13 22:30:59] Scheduler: Waiting for completed trials (for 2 sec, currently running trials: 2).
[INFO 03-13 22:31:02] Scheduler: Fetching data for newly completed trials: [].
[INFO 03-13 22:31:02] Scheduler: Waiting for completed trials (for 3 sec, currently running trials: 2).
[INFO 03-13 22:31:06] Scheduler: Fetching data for newly completed trials: [].
[INFO 03-13 22:31:06] Scheduler: Waiting for completed trials (for 5 sec, currently running trials: 2).
[INFO 03-13 22:31:11] Scheduler: Fetching data for newly completed trials: [].
[INFO 03-13 22:31:11] Scheduler: Waiting for completed trials (for 7 sec, currently running trials: 2).
[INFO 03-13 22:31:19] Scheduler: Fetching data for newly completed trials: [].
[INFO 03-13 22:31:19] Scheduler: Waiting for completed trials (for 11 sec, currently running trials: 2).
[INFO 03-13 22:31:31] Scheduler: Fetching data for newly completed trials: [].
[INFO 03-13 22:31:31] Scheduler: Waiting for completed trials (for 17 sec, currently running trials: 2).
[INFO 03-13 22:31:49] Scheduler: Fetching data for newly completed trials: [].
[INFO 03-13 22:31:49] Scheduler: Waiting for completed trials (for 25 sec, currently running trials: 2).
[INFO 03-13 22:32:15] Scheduler: Fetching data for newly completed trials: [].
[INFO 03-13 22:32:15] Scheduler: Waiting for completed trials (for 38 sec, currently running trials: 2).
[INFO 03-13 22:32:54] Scheduler: Fetching data for newly completed trials: [].
[INFO 03-13 22:32:54] Scheduler: Waiting for completed trials (for 57 sec, currently running trials: 2).
[INFO 03-13 22:33:52] Scheduler: Fetching data for newly completed trials: [].
[INFO 03-13 22:33:52] Scheduler: Waiting for completed trials (for 86 sec, currently running trials: 2).
[INFO 03-13 22:35:19] Scheduler: Fetching data for newly completed trials: [49].
[INFO 03-13 22:35:19] Scheduler: Retrieved COMPLETED trials: [49].
[INFO 03-13 22:35:19] Scheduler: Fetching data for newly completed trials: [].
[INFO 03-13 22:35:19] Scheduler: Waiting for completed trials (for 1 sec, currently running trials: 1).
[INFO 03-13 22:35:20] Scheduler: Fetching data for newly completed trials: [].
[INFO 03-13 22:35:20] Scheduler: Waiting for completed trials (for 1.5 sec, currently running trials: 1).
[INFO 03-13 22:35:22] Scheduler: Fetching data for newly completed trials: [].
[INFO 03-13 22:35:22] Scheduler: Waiting for completed trials (for 2 sec, currently running trials: 1).
[INFO 03-13 22:35:24] Scheduler: Fetching data for newly completed trials: [].
[INFO 03-13 22:35:24] Scheduler: Waiting for completed trials (for 3 sec, currently running trials: 1).
[INFO 03-13 22:35:28] Scheduler: Fetching data for newly completed trials: [].
[INFO 03-13 22:35:28] Scheduler: Waiting for completed trials (for 5 sec, currently running trials: 1).
[INFO 03-13 22:35:33] Scheduler: Fetching data for newly completed trials: [].
[INFO 03-13 22:35:33] Scheduler: Waiting for completed trials (for 7 sec, currently running trials: 1).
[INFO 03-13 22:35:41] Scheduler: Fetching data for newly completed trials: [].
[INFO 03-13 22:35:41] Scheduler: Waiting for completed trials (for 11 sec, currently running trials: 1).
[INFO 03-13 22:35:53] Scheduler: Fetching data for newly completed trials: [].
[INFO 03-13 22:35:53] Scheduler: Waiting for completed trials (for 17 sec, currently running trials: 1).
[INFO 03-13 22:36:10] Scheduler: Fetching data for newly completed trials: [].
[INFO 03-13 22:36:10] Scheduler: Waiting for completed trials (for 25 sec, currently running trials: 1).
[INFO 03-13 22:36:36] Scheduler: Fetching data for newly completed trials: [].
[INFO 03-13 22:36:36] Scheduler: Waiting for completed trials (for 38 sec, currently running trials: 1).
[INFO 03-13 22:37:14] Scheduler: Fetching data for newly completed trials: [].
[INFO 03-13 22:37:14] Scheduler: Waiting for completed trials (for 57 sec, currently running trials: 1).
[INFO 03-13 22:38:12] Scheduler: Fetching data for newly completed trials: [].
[INFO 03-13 22:38:12] Scheduler: Waiting for completed trials (for 86 sec, currently running trials: 1).
[INFO 03-13 22:39:39] Scheduler: Fetching data for newly completed trials: [].
[INFO 03-13 22:39:39] Scheduler: Waiting for completed trials (for 129 sec, currently running trials: 1).
[INFO 03-13 22:41:49] Scheduler: Fetching data for newly completed trials: [].
[INFO 03-13 22:41:49] Scheduler: Waiting for completed trials (for 194 sec, currently running trials: 1).
[INFO 03-13 22:45:04] Scheduler: Fetching data for newly completed trials: [50].
[INFO 03-13 22:45:04] Scheduler: Retrieved COMPLETED trials: [50].
[WARNING 03-13 22:45:04] ax.service.utils.report_utils: Column reason missing for all trials. Not appending column.
